<?xml version="1.0" encoding="UTF-8"?>
<testsuite xmlns:xsi="http://www.w3.org/2001/XMLSchema-instance" xsi:noNamespaceSchemaLocation="https://maven.apache.org/surefire/maven-surefire-plugin/xsd/surefire-test-report-3.0.xsd" version="3.0" name="test.java.testrunner.TestRunner" time="24.663" tests="8" errors="0" skipped="0" failures="0">
  <properties>
[...]
</properties>
  <testcase name="Create a new employee successfully" classname="Employee API Management" time="1.339">
    <system-out><![CDATA[
@API @POST @Positive
Scenario: Create a new employee successfully                                                           &amp#27;[90m# src/test/resources/features/api_employee.feature:9&amp#27;[0m
  &amp#27;[32mGiven &amp#27;[0m&amp#27;[32mI set the API base URL to &amp#27;[0m&amp#27;[32m&amp#27;[1m"http://localhost:8887"&amp#27;[0m                                              &amp#27;[90m# test.java.stepdefinitions.EmployeeApiSteps.setBaseUrl(java.lang.String)&amp#27;[0m
  &amp#27;[32mWhen &amp#27;[0m&amp#27;[32mI send a POST request to &amp#27;[0m&amp#27;[32m&amp#27;[1m"/api/v1/employees"&amp#27;[0m&amp#27;[32m with name &amp#27;[0m&amp#27;[32m&amp#27;[1m"John Doe"&amp#27;[0m&amp#27;[32m and email &amp#27;[0m&amp#27;[32m&amp#27;[1m"john.doe@test.com"&amp#27;[0m &amp#27;[90m# test.java.stepdefinitions.EmployeeApiSteps.sendPostRequest(java.lang.String,java.lang.String,java.lang.String)&amp#27;[0m
  &amp#27;[32mThen &amp#27;[0m&amp#27;[32mthe response status code should be &amp#27;[0m&amp#27;[32m&amp#27;[1m201&amp#27;[0m                                                          &amp#27;[90m# test.java.stepdefinitions.EmployeeApiSteps.verifyStatusCode(int)&amp#27;[0m
]]></system-out>
    <system-err><![CDATA[SLF4J(W): No SLF4J providers were found.
SLF4J(W): Defaulting to no-operation (NOP) logger implementation
SLF4J(W): See https://www.slf4j.org/codes.html#noProviders for further details.
]]></system-err>
  </testcase>
  <testcase name="Failed to create employee with invalid email format" classname="Employee API Management" time="0.057">
    <system-out><![CDATA[
@API @POST @Negative
Scenario: Failed to create employee with invalid email format                                  &amp#27;[90m# src/test/resources/features/api_employee.feature:14&amp#27;[0m
  &amp#27;[32mGiven &amp#27;[0m&amp#27;[32mI set the API base URL to &amp#27;[0m&amp#27;[32m&amp#27;[1m"http://localhost:8887"&amp#27;[0m                                      &amp#27;[90m# test.java.stepdefinitions.EmployeeApiSteps.setBaseUrl(java.lang.String)&amp#27;[0m
  &amp#27;[32mWhen &amp#27;[0m&amp#27;[32mI send a POST request to &amp#27;[0m&amp#27;[32m&amp#27;[1m"/api/v1/employees"&amp#27;[0m&amp#27;[32m with name &amp#27;[0m&amp#27;[32m&amp#27;[1m"Jane"&amp#27;[0m&amp#27;[32m and email &amp#27;[0m&amp#27;[32m&amp#27;[1m"invalid-email"&amp#27;[0m &amp#27;[90m# test.java.stepdefinitions.EmployeeApiSteps.sendPostRequest(java.lang.String,java.lang.String,java.lang.String)&amp#27;[0m
  &amp#27;[32mThen &amp#27;[0m&amp#27;[32mthe response status code should be &amp#27;[0m&amp#27;[32m&amp#27;[1m400&amp#27;[0m                                                  &amp#27;[90m# test.java.stepdefinitions.EmployeeApiSteps.verifyStatusCode(int)&amp#27;[0m
  &amp#27;[32mAnd &amp#27;[0m&amp#27;[32mthe response body should contain &amp#27;[0m&amp#27;[32m&amp#27;[1m"defaultMessage"&amp#27;[0m                                        &amp#27;[90m# test.java.stepdefinitions.EmployeeApiSteps.verifyBodyContent(java.lang.String)&amp#27;[0m
]]></system-out>
  </testcase>
  <testcase name="Get existing employee information" classname="Employee API Management" time="0.048">
    <system-out><![CDATA[
@API @GET @Positive
Scenario: Get existing employee information               &amp#27;[90m# src/test/resources/features/api_employee.feature:20&amp#27;[0m
  &amp#27;[32mGiven &amp#27;[0m&amp#27;[32mI set the API base URL to &amp#27;[0m&amp#27;[32m&amp#27;[1m"http://localhost:8887"&amp#27;[0m &amp#27;[90m# test.java.stepdefinitions.EmployeeApiSteps.setBaseUrl(java.lang.String)&amp#27;[0m
  &amp#27;[32mWhen &amp#27;[0m&amp#27;[32mI send a GET request to &amp#27;[0m&amp#27;[32m&amp#27;[1m"/api/v1/employees/1"&amp#27;[0m      &amp#27;[90m# test.java.stepdefinitions.EmployeeApiSteps.sendGetRequest(java.lang.String)&amp#27;[0m
  &amp#27;[32mThen &amp#27;[0m&amp#27;[32mthe response status code should be &amp#27;[0m&amp#27;[32m&amp#27;[1m200&amp#27;[0m             &amp#27;[90m# test.java.stepdefinitions.EmployeeApiSteps.verifyStatusCode(int)&amp#27;[0m
]]></system-out>
  </testcase>
  <testcase name="Get error when employee ID does not exist" classname="Employee API Management" time="0.031">
    <system-out><![CDATA[
@API @GET @Negative
Scenario: Get error when employee ID does not exist                     &amp#27;[90m# src/test/resources/features/api_employee.feature:25&amp#27;[0m
  &amp#27;[32mGiven &amp#27;[0m&amp#27;[32mI set the API base URL to &amp#27;[0m&amp#27;[32m&amp#27;[1m"http://localhost:8887"&amp#27;[0m               &amp#27;[90m# test.java.stepdefinitions.EmployeeApiSteps.setBaseUrl(java.lang.String)&amp#27;[0m
  &amp#27;[32mWhen &amp#27;[0m&amp#27;[32mI send a GET request to &amp#27;[0m&amp#27;[32m&amp#27;[1m"/api/v1/employees/999"&amp#27;[0m                  &amp#27;[90m# test.java.stepdefinitions.EmployeeApiSteps.sendGetRequest(java.lang.String)&amp#27;[0m
  &amp#27;[32mThen &amp#27;[0m&amp#27;[32mthe response status code should be &amp#27;[0m&amp#27;[32m&amp#27;[1m404&amp#27;[0m                           &amp#27;[90m# test.java.stepdefinitions.EmployeeApiSteps.verifyStatusCode(int)&amp#27;[0m
  &amp#27;[32mAnd &amp#27;[0m&amp#27;[32mthe response body should contain &amp#27;[0m&amp#27;[32m&amp#27;[1m"Employee not found with ID 999"&amp#27;[0m &amp#27;[90m# test.java.stepdefinitions.EmployeeApiSteps.verifyBodyContent(java.lang.String)&amp#27;[0m
]]></system-out>
  </testcase>
  <testcase name="Login with wrong credentials #1" classname="Login System" time="2.502">
    <system-out><![CDATA[
@UI @LoginTest
Scenario Outline: Login with wrong credentials                            &amp#27;[90m# src/test/resources/features/login.feature:14&amp#27;[0m
  &amp#27;[32mGiven &amp#27;[0m&amp#27;[32mI open the e-commerce page&amp#27;[0m                                        &amp#27;[90m# test.java.stepdefinitions.LoginSteps.openPage()&amp#27;[0m
  &amp#27;[32mWhen &amp#27;[0m&amp#27;[32mI login with &amp#27;[0m&amp#27;[32m&amp#27;[1m"wrong@admin.com"&amp#27;[0m&amp#27;[32m and &amp#27;[0m&amp#27;[32m&amp#27;[1m"admin123"&amp#27;[0m                      &amp#27;[90m# test.java.stepdefinitions.LoginSteps.login(java.lang.String,java.lang.String)&amp#27;[0m
  &amp#27;[32mThen &amp#27;[0m&amp#27;[32mI should see an error message &amp#27;[0m&amp#27;[32m&amp#27;[1m"Bad credentials! Please try again!"&amp#27;[0m &amp#27;[90m# test.java.stepdefinitions.LoginSteps.i_should_see_an_error_message(java.lang.String)&amp#27;[0m
]]></system-out>
    <system-err><![CDATA[มี.ค. 02, 2026 5:34:39 หลังเที่ยง org.openqa.selenium.devtools.CdpVersionFinder findNearestMatch
WARNING: Unable to find CDP implementation matching 145
มี.ค. 02, 2026 5:34:39 หลังเที่ยง org.openqa.selenium.chromium.ChromiumDriver lambda$new$5
WARNING: Unable to find version of CDP to use for 145.0.7632.117. You may need to include a dependency on a specific version of the CDP using something similar to `org.seleniumhq.selenium:selenium-devtools-v86:4.16.1` where the version ("v86") matches the version of the chromium-based browser you're using and the version number of the artifact is the same as Selenium's.
]]></system-err>
  </testcase>
  <testcase name="Login with wrong credentials #2" classname="Login System" time="0.23">
    <system-out><![CDATA[
@UI @LoginTest
Scenario Outline: Login with wrong credentials                            &amp#27;[90m# src/test/resources/features/login.feature:15&amp#27;[0m
  &amp#27;[32mGiven &amp#27;[0m&amp#27;[32mI open the e-commerce page&amp#27;[0m                                        &amp#27;[90m# test.java.stepdefinitions.LoginSteps.openPage()&amp#27;[0m
  &amp#27;[32mWhen &amp#27;[0m&amp#27;[32mI login with &amp#27;[0m&amp#27;[32m&amp#27;[1m"admin@admin.com"&amp#27;[0m&amp#27;[32m and &amp#27;[0m&amp#27;[32m&amp#27;[1m"wrongpass"&amp#27;[0m                     &amp#27;[90m# test.java.stepdefinitions.LoginSteps.login(java.lang.String,java.lang.String)&amp#27;[0m
  &amp#27;[32mThen &amp#27;[0m&amp#27;[32mI should see an error message &amp#27;[0m&amp#27;[32m&amp#27;[1m"Bad credentials! Please try again!"&amp#27;[0m &amp#27;[90m# test.java.stepdefinitions.LoginSteps.i_should_see_an_error_message(java.lang.String)&amp#27;[0m
]]></system-out>
  </testcase>
  <testcase name="Login with valid credentials" classname="Login System" time="0.217">
    <system-out><![CDATA[
@UI @LoginTest
Scenario: Login with valid credentials               &amp#27;[90m# src/test/resources/features/login.feature:18&amp#27;[0m
  &amp#27;[32mGiven &amp#27;[0m&amp#27;[32mI open the e-commerce page&amp#27;[0m                   &amp#27;[90m# test.java.stepdefinitions.LoginSteps.openPage()&amp#27;[0m
  &amp#27;[32mWhen &amp#27;[0m&amp#27;[32mI login with &amp#27;[0m&amp#27;[32m&amp#27;[1m"admin@admin.com"&amp#27;[0m&amp#27;[32m and &amp#27;[0m&amp#27;[32m&amp#27;[1m"admin123"&amp#27;[0m &amp#27;[90m# test.java.stepdefinitions.LoginSteps.login(java.lang.String,java.lang.String)&amp#27;[0m
  &amp#27;[32mThen &amp#27;[0m&amp#27;[32mI should see the logout button&amp#27;[0m                &amp#27;[90m# test.java.stepdefinitions.LoginSteps.verifyLogoutVisible()&amp#27;[0m
]]></system-out>
  </testcase>
  <testcase name="Pick products once and validate multiple shipping scenarios" classname="End-to-End Shopping Flow" time="19.565">
    <system-out><![CDATA[
@UI @ShoppingCartTest
Scenario: Pick products once and validate multiple shipping scenarios    &amp#27;[90m# src/test/resources/features/shopping_cart.feature:4&amp#27;[0m
  &amp#27;[32mGiven &amp#27;[0m&amp#27;[32mI open the e-commerce page&amp#27;[0m                                       &amp#27;[90m# test.java.stepdefinitions.LoginSteps.openPage()&amp#27;[0m
  &amp#27;[32mAnd &amp#27;[0m&amp#27;[32mI login with &amp#27;[0m&amp#27;[32m&amp#27;[1m"admin@admin.com"&amp#27;[0m&amp#27;[32m and &amp#27;[0m&amp#27;[32m&amp#27;[1m"admin123"&amp#27;[0m                      &amp#27;[90m# test.java.stepdefinitions.LoginSteps.login(java.lang.String,java.lang.String)&amp#27;[0m
  &amp#27;[32mWhen &amp#27;[0m&amp#27;[32mI search and add &amp#27;[0m&amp#27;[32m&amp#27;[1m"Huawei Matebook X Pro"&amp#27;[0m&amp#27;[32m to cart by clicking Next&amp#27;[0m &amp#27;[90m# test.java.stepdefinitions.ProductSteps.searchAndAddWithNext(java.lang.String)&amp#27;[0m
  &amp#27;[32mAnd &amp#27;[0m&amp#27;[32mI adjust quantity of &amp#27;[0m&amp#27;[32m&amp#27;[1m"Huawei Matebook X Pro"&amp#27;[0m&amp#27;[32m to &amp#27;[0m&amp#27;[32m&amp#27;[1m2&amp#27;[0m                  &amp#27;[90m# test.java.stepdefinitions.ProductSteps.adjustQuantity(java.lang.String,int)&amp#27;[0m
  &amp#27;[32mAnd &amp#27;[0m&amp#27;[32mI search and add &amp#27;[0m&amp#27;[32m&amp#27;[1m"iPhone 13 Pro"&amp#27;[0m&amp#27;[32m to cart by clicking Next&amp#27;[0m          &amp#27;[90m# test.java.stepdefinitions.ProductSteps.searchAndAddWithNext(java.lang.String)&amp#27;[0m
  &amp#27;[32mAnd &amp#27;[0m&amp#27;[32mI adjust quantity of &amp#27;[0m&amp#27;[32m&amp#27;[1m"iPhone 13 Pro"&amp#27;[0m&amp#27;[32m to &amp#27;[0m&amp#27;[32m&amp#27;[1m3&amp#27;[0m                          &amp#27;[90m# test.java.stepdefinitions.ProductSteps.adjustQuantity(java.lang.String,int)&amp#27;[0m

========== CART CALCULATION LOG ==========
Product: Huawei Matebook X Pro     | Price: 1399.99 | Qty: 2
Product: iPhone 13 Pro             | Price: 1099.99 | Qty: 3
Calculated Total: $6099.950000000001 | UI Display Total: $6099.95
==========================================

  &amp#27;[32mAnd &amp#27;[0m&amp#27;[32mI validate the Total cost of items in cart&amp#27;[0m                         &amp#27;[90m# test.java.stepdefinitions.ProductSteps.validateTotalCost()&amp#27;[0m
  &amp#27;[32mAnd &amp#27;[0m&amp#27;[32mI proceed to checkout&amp#27;[0m                                              &amp#27;[90m# test.java.stepdefinitions.ProductSteps.proceed()&amp#27;[0m
>>> FAIL Case: Blocked by Tooltip
>>> FAIL Case: Blocked by Tooltip
>>> FAIL Case: Blocked by Tooltip
>>> FAIL Case: Blocked by Red Text
>>> SUCCESS Case: Address concatenation validated correctly.
  &amp#27;[32mThen &amp#27;[0m&amp#27;[32mI validate the following shipping scenarios:&amp#27;[0m                      &amp#27;[90m# test.java.stepdefinitions.CheckoutSteps.validateMultipleShippingCases(io.cucumber.datatable.DataTable)&amp#27;[0m
    | phone      | street           | city    | country  | result  |
    | [empty]    | 911 Siam Streets | Bangkok | Thailand | FAIL    |
    | 0812345678 | [empty]          | Bangkok | Thailand | FAIL    |
    | 0812345678 | 911 Siam Streets | [empty] | Thailand | FAIL    |
    | 0812345678 | 911 Siam Streets | Bangkok | [empty]  | FAIL    |
    | 0812345678 | 911 Siam Streets | Bangkok | Thailand | SUCCESS |
]]></system-out>
  </testcase>
</testsuite>